-------------------------------------------------------
This program includes software developed by the
Apache Software Foundation (http://www.apache.org/).
-------------------------------------------------------

Updating Model file to latest format...
Loaded model UpperLowerBody Simple Model from file C:\Downloads\ULB_Project\ULB_Project\UpperLowerBodySimple.osim
WARNING: Actuator glut_med1_r does not have a controller and its control value will be set to 0.0 
WARNING: Actuator glut_med2_r does not have a controller and its control value will be set to 0.0 
WARNING: Actuator glut_med3_r does not have a controller and its control value will be set to 0.0 
WARNING: Actuator bifemlh_r does not have a controller and its control value will be set to 0.0 
WARNING: Actuator bifemsh_r does not have a controller and its control value will be set to 0.0 
WARNING: Actuator sar_r does not have a controller and its control value will be set to 0.0 
WARNING: Actuator add_mag2_r does not have a controller and its control value will be set to 0.0 
WARNING: Actuator tfl_r does not have a controller and its control value will be set to 0.0 
WARNING: Actuator pect_r does not have a controller and its control value will be set to 0.0 
WARNING: Actuator grac_r does not have a controller and its control value will be set to 0.0 
WARNING: Actuator glut_max1_r does not have a controller and its control value will be set to 0.0 
WARNING: Actuator glut_max2_r does not have a controller and its control value will be set to 0.0 
WARNING: Actuator glut_max3_r does not have a controller and its control value will be set to 0.0 
WARNING: Actuator iliacus_r does not have a controller and its control value will be set to 0.0 
WARNING: Actuator psoas_r does not have a controller and its control value will be set to 0.0 
WARNING: Actuator quad_fem_r does not have a controller and its control value will be set to 0.0 
WARNING: Actuator gem_r does not have a controller and its control value will be set to 0.0 
WARNING: Actuator peri_r does not have a controller and its control value will be set to 0.0 
WARNING: Actuator rect_fem_r does not have a controller and its control value will be set to 0.0 
WARNING: Actuator vas_int_r does not have a controller and its control value will be set to 0.0 
WARNING: Actuator med_gas_r does not have a controller and its control value will be set to 0.0 
WARNING: Actuator soleus_r does not have a controller and its control value will be set to 0.0 
WARNING: Actuator tib_post_r does not have a controller and its control value will be set to 0.0 
WARNING: Actuator tib_ant_r does not have a controller and its control value will be set to 0.0 
WARNING: Actuator glut_med1_l does not have a controller and its control value will be set to 0.0 
WARNING: Actuator glut_med2_l does not have a controller and its control value will be set to 0.0 
WARNING: Actuator glut_med3_l does not have a controller and its control value will be set to 0.0 
WARNING: Actuator bifemlh_l does not have a controller and its control value will be set to 0.0 
WARNING: Actuator bifemsh_l does not have a controller and its control value will be set to 0.0 
WARNING: Actuator sar_l does not have a controller and its control value will be set to 0.0 
WARNING: Actuator add_mag2_l does not have a controller and its control value will be set to 0.0 
WARNING: Actuator tfl_l does not have a controller and its control value will be set to 0.0 
WARNING: Actuator pect_l does not have a controller and its control value will be set to 0.0 
WARNING: Actuator grac_l does not have a controller and its control value will be set to 0.0 
WARNING: Actuator glut_max1_l does not have a controller and its control value will be set to 0.0 
WARNING: Actuator glut_max2_l does not have a controller and its control value will be set to 0.0 
WARNING: Actuator glut_max3_l does not have a controller and its control value will be set to 0.0 
WARNING: Actuator iliacus_l does not have a controller and its control value will be set to 0.0 
WARNING: Actuator psoas_l does not have a controller and its control value will be set to 0.0 
WARNING: Actuator quad_fem_l does not have a controller and its control value will be set to 0.0 
WARNING: Actuator gem_l does not have a controller and its control value will be set to 0.0 
WARNING: Actuator peri_l does not have a controller and its control value will be set to 0.0 
WARNING: Actuator rect_fem_l does not have a controller and its control value will be set to 0.0 
WARNING: Actuator vas_int_l does not have a controller and its control value will be set to 0.0 
WARNING: Actuator med_gas_l does not have a controller and its control value will be set to 0.0 
WARNING: Actuator soleus_l does not have a controller and its control value will be set to 0.0 
WARNING: Actuator tib_post_l does not have a controller and its control value will be set to 0.0 
WARNING: Actuator tib_ant_l does not have a controller and its control value will be set to 0.0 
WARNING: Actuator ercspn_r does not have a controller and its control value will be set to 0.0 
WARNING: Actuator ercspn_l does not have a controller and its control value will be set to 0.0 
WARNING: Actuator intobl_r does not have a controller and its control value will be set to 0.0 
WARNING: Actuator intobl_l does not have a controller and its control value will be set to 0.0 
WARNING: Actuator extobl_r does not have a controller and its control value will be set to 0.0 
WARNING: Actuator extobl_l does not have a controller and its control value will be set to 0.0 
WARNING: Actuator DELT1 does not have a controller and its control value will be set to 0.0 
WARNING: Actuator DELT2 does not have a controller and its control value will be set to 0.0 
WARNING: Actuator DELT3 does not have a controller and its control value will be set to 0.0 
WARNING: Actuator SUPSP does not have a controller and its control value will be set to 0.0 
WARNING: Actuator INFSP does not have a controller and its control value will be set to 0.0 
WARNING: Actuator SUBSC does not have a controller and its control value will be set to 0.0 
WARNING: Actuator TMIN does not have a controller and its control value will be set to 0.0 
WARNING: Actuator TMAJ does not have a controller and its control value will be set to 0.0 
WARNING: Actuator PECM1 does not have a controller and its control value will be set to 0.0 
WARNING: Actuator PECM2 does not have a controller and its control value will be set to 0.0 
WARNING: Actuator PECM3 does not have a controller and its control value will be set to 0.0 
WARNING: Actuator LAT1 does not have a controller and its control value will be set to 0.0 
WARNING: Actuator LAT2 does not have a controller and its control value will be set to 0.0 
WARNING: Actuator LAT3 does not have a controller and its control value will be set to 0.0 
WARNING: Actuator CORB does not have a controller and its control value will be set to 0.0 
WARNING: Actuator TRIlong does not have a controller and its control value will be set to 0.0 
WARNING: Actuator TRIlat does not have a controller and its control value will be set to 0.0 
WARNING: Actuator TRImed does not have a controller and its control value will be set to 0.0 
WARNING: Actuator ANC does not have a controller and its control value will be set to 0.0 
WARNING: Actuator BIClong does not have a controller and its control value will be set to 0.0 
WARNING: Actuator BICshort does not have a controller and its control value will be set to 0.0 
WARNING: Actuator BRA does not have a controller and its control value will be set to 0.0 
WARNING: Actuator BRD does not have a controller and its control value will be set to 0.0 
WARNING: Actuator ECRL does not have a controller and its control value will be set to 0.0 
WARNING: Actuator ECRB does not have a controller and its control value will be set to 0.0 
WARNING: Actuator ECU does not have a controller and its control value will be set to 0.0 
WARNING: Actuator FCR does not have a controller and its control value will be set to 0.0 
WARNING: Actuator FCU does not have a controller and its control value will be set to 0.0 
WARNING: Actuator PT does not have a controller and its control value will be set to 0.0 
WARNING: Actuator DELT1_l does not have a controller and its control value will be set to 0.0 
WARNING: Actuator DELT2_l does not have a controller and its control value will be set to 0.0 
WARNING: Actuator DELT3_l does not have a controller and its control value will be set to 0.0 
WARNING: Actuator SUPSP_l does not have a controller and its control value will be set to 0.0 
WARNING: Actuator INFSP_l does not have a controller and its control value will be set to 0.0 
WARNING: Actuator SUBSC_l does not have a controller and its control value will be set to 0.0 
WARNING: Actuator TMIN_l does not have a controller and its control value will be set to 0.0 
WARNING: Actuator TMAJ_l does not have a controller and its control value will be set to 0.0 
WARNING: Actuator PECM1_l does not have a controller and its control value will be set to 0.0 
WARNING: Actuator PECM2_l does not have a controller and its control value will be set to 0.0 
WARNING: Actuator PECM3_l does not have a controller and its control value will be set to 0.0 
WARNING: Actuator LAT1_l does not have a controller and its control value will be set to 0.0 
WARNING: Actuator LAT2_l does not have a controller and its control value will be set to 0.0 
WARNING: Actuator LAT3_l does not have a controller and its control value will be set to 0.0 
WARNING: Actuator CORB_l does not have a controller and its control value will be set to 0.0 
WARNING: Actuator TRIlong_l does not have a controller and its control value will be set to 0.0 
WARNING: Actuator TRIlat_l does not have a controller and its control value will be set to 0.0 
WARNING: Actuator TRImed_l does not have a controller and its control value will be set to 0.0 
WARNING: Actuator ANC_l does not have a controller and its control value will be set to 0.0 
WARNING: Actuator BIClong_l does not have a controller and its control value will be set to 0.0 
WARNING: Actuator BICshort_l does not have a controller and its control value will be set to 0.0 
WARNING: Actuator BRA_l does not have a controller and its control value will be set to 0.0 
WARNING: Actuator BRD_l does not have a controller and its control value will be set to 0.0 
WARNING: Actuator ECRL_l does not have a controller and its control value will be set to 0.0 
WARNING: Actuator ECRB_l does not have a controller and its control value will be set to 0.0 
WARNING: Actuator ECU_l does not have a controller and its control value will be set to 0.0 
WARNING: Actuator FCR_l does not have a controller and its control value will be set to 0.0 
WARNING: Actuator FCU_l does not have a controller and its control value will be set to 0.0 
WARNING: Actuator PT_l does not have a controller and its control value will be set to 0.0 
Model numQs: 187 Assembler num freeQs: 187
