-------------------------------------------------------
This program includes software developed by the
Apache Software Foundation (http://www.apache.org/).
-------------------------------------------------------

RegisterTypes_SdfastEngine

-------------------------------------------------------
Library SdfastEngine...
-------------------------------------------------------

Constructing tool from setup file subject01_Setup_Forward.xml.

AbstractTool subject01_walk1 loading model 'subject01_sdfast_adjusted.osim'
Adding actuator set from gait2354_CMC_Actuators.xml
Linking SdfastEngine to model library gait23
Will try loading debug library first
Loaded library gait23_d
Joint ground_pelvis: origITJ=0,0,0  scaledITJ = 0,0,0
Joint ground_pelvis: origBTJ=0.0707,0,0  scaledBTJ = 0.0724376,0,0
Joint hip_r: origITJ=0,-0.0661,0.0835  scaledITJ = 0,-0.0677245,0.0855522
Joint hip_l: origITJ=0,-0.0661,-0.0835  scaledITJ = 0,-0.0677245,-0.0855522
Joint back: origITJ=-0.03,0.0815,0  scaledITJ = -0.0307373,0.083503,0
Joint hip_r: origBTJ=0,0.17,0  scaledBTJ = 0,0.195031,0
Joint knee_r: origITJ=0,0.17,0  scaledITJ = 0,0.195031,0
Joint knee_r: origBTJ=0,0.1867,0  scaledBTJ = 0,0.184557,0
Joint tib_pat_r: origITJ=0,0.1867,0.0024  scaledITJ = 0,0.184557,0.00237246
Joint ankle_r: origITJ=0,-0.2433,0  scaledITJ = 0,-0.240508,0
Joint tib_pat_r: origBTJ=0,0,0  scaledBTJ = 0,0,0
Joint ankle_r: origBTJ=0,0,0  scaledBTJ = 0,0,0
Joint subtalar_r: origITJ=-0.04877,-0.04195,0.00792  scaledITJ = -0.0543287,-0.0467314,0.00882271
Joint subtalar_r: origBTJ=-0.1,-0.03,0  scaledBTJ = -0.102708,-0.0308125,0
Joint mtp_r: origITJ=0.0788,-0.032,0.00108  scaledITJ = 0.0809343,-0.0328667,0.00110925
Joint mtp_r: origBTJ=-0.0346,-0.006,0.0175  scaledBTJ = -0.0355371,-0.00616251,0.017974
Joint hip_l: origBTJ=0,0.17,0  scaledBTJ = 0,0.195031,0
Joint knee_l: origITJ=0,0.17,0  scaledITJ = 0,0.195031,0
Joint knee_l: origBTJ=0,0.1867,0  scaledBTJ = 0,0.184557,0
Joint tib_pat_l: origITJ=0,0.1867,-0.0024  scaledITJ = 0,0.184557,-0.00237246
Joint ankle_l: origITJ=0,-0.2433,0  scaledITJ = 0,-0.240508,0
Joint tib_pat_l: origBTJ=0,0,0  scaledBTJ = 0,0,0
Joint ankle_l: origBTJ=0,0,0  scaledBTJ = 0,0,0
Joint subtalar_l: origITJ=-0.04877,-0.04195,-0.00792  scaledITJ = -0.0543287,-0.0467314,-0.00882271
Joint subtalar_l: origBTJ=-0.1,-0.03,0  scaledBTJ = -0.102708,-0.0308125,0
Joint mtp_l: origITJ=0.0788,-0.032,-0.00108  scaledITJ = 0.0809343,-0.0328667,-0.00110925
Joint mtp_l: origBTJ=-0.0346,-0.006,-0.0175  scaledBTJ = -0.0355371,-0.00616251,-0.017974
Joint back: origBTJ=0.03,-0.32,0  scaledBTJ = -0.0303076,-0.34551,-0.0141238
Created model 3DGaitModelSimple from file subject01_sdfast_adjusted.osim
-----------------------------------------------------------------------
Loaded library
-----------------------------------------------------------------------
MODEL: 3DGaitModelSimple

ANALYSES (3)
analysis[0] = Kinematics
analysis[1] = Actuation
analysis[2] = BodyKinematics

BODIES (15)
body[0] = ground (mass: 0) (inertia: 0 0 0 0 0 0 0 0 0)
body[1] = pelvis (mass: 11.345) (inertia: 0.103956 0 0 0 0.0880799 0 0 0 0.0585514)
body[2] = femur_r (mass: 8.9602) (inertia: 0.169769 0 0 0 0.0445026 0 0 0 0.179025)
body[3] = tibia_r (mass: 3.5715) (inertia: 0.0474431 0 0 0 0.00480079 0 0 0 0.0481021)
body[4] = patella_r (mass: 0.0963317) (inertia: 0.00110421 0 0 0 0.00110421 0 0 0 0.00110421)
body[5] = talus_r (mass: 0.0963317) (inertia: 0.00119543 0 0 0 0.00119543 0 0 0 0.00119543)
body[6] = calcn_r (mass: 1.20415) (inertia: 0.00142269 0 0 0 0.0039632 0 0 0 0.00416645)
body[7] = toes_r (mass: 0.208654) (inertia: 0.00010162 0 0 0 0.00020324 0 0 0 0.00101621)
body[8] = femur_l (mass: 8.9602) (inertia: 0.169769 0 0 0 0.0445026 0 0 0 0.179025)
body[9] = tibia_l (mass: 3.5715) (inertia: 0.0474431 0 0 0 0.00480079 0 0 0 0.0481021)
body[10] = patella_l (mass: 0.0963317) (inertia: 0.00110421 0 0 0 0.00110421 0 0 0 0.00110421)
body[11] = talus_l (mass: 0.0963317) (inertia: 0.00119543 0 0 0 0.00119543 0 0 0 0.00119543)
body[12] = calcn_l (mass: 1.20415) (inertia: 0.00142269 0 0 0 0.0039632 0 0 0 0.00416645)
body[13] = toes_l (mass: 0.208654) (inertia: 0.00010162 0 0 0 0.00020324 0 0 0 0.00101621)
body[14] = torso (mass: 32.9807) (inertia: 1.65591 0 0 0 0.848449 0 0 0 1.60751)

ACTUATORS (62)
actuator[0] = glut_med1_r (controls: glut_med1_r.excitation)
actuator[1] = glut_med2_r (controls: glut_med2_r.excitation)
actuator[2] = glut_med3_r (controls: glut_med3_r.excitation)
actuator[3] = bifemlh_r (controls: bifemlh_r.excitation)
actuator[4] = bifemsh_r (controls: bifemsh_r.excitation)
actuator[5] = sar_r (controls: sar_r.excitation)
actuator[6] = add_mag2_r (controls: add_mag2_r.excitation)
actuator[7] = tfl_r (controls: tfl_r.excitation)
actuator[8] = pect_r (controls: pect_r.excitation)
actuator[9] = grac_r (controls: grac_r.excitation)
actuator[10] = glut_max1_r (controls: glut_max1_r.excitation)
actuator[11] = glut_max2_r (controls: glut_max2_r.excitation)
actuator[12] = glut_max3_r (controls: glut_max3_r.excitation)
actuator[13] = iliacus_r (controls: iliacus_r.excitation)
actuator[14] = psoas_r (controls: psoas_r.excitation)
actuator[15] = quad_fem_r (controls: quad_fem_r.excitation)
actuator[16] = gem_r (controls: gem_r.excitation)
actuator[17] = peri_r (controls: peri_r.excitation)
actuator[18] = rect_fem_r (controls: rect_fem_r.excitation)
actuator[19] = vas_int_r (controls: vas_int_r.excitation)
actuator[20] = med_gas_r (controls: med_gas_r.excitation)
actuator[21] = soleus_r (controls: soleus_r.excitation)
actuator[22] = tib_post_r (controls: tib_post_r.excitation)
actuator[23] = tib_ant_r (controls: tib_ant_r.excitation)
actuator[24] = glut_med1_l (controls: glut_med1_l.excitation)
actuator[25] = glut_med2_l (controls: glut_med2_l.excitation)
actuator[26] = glut_med3_l (controls: glut_med3_l.excitation)
actuator[27] = bifemlh_l (controls: bifemlh_l.excitation)
actuator[28] = bifemsh_l (controls: bifemsh_l.excitation)
actuator[29] = sar_l (controls: sar_l.excitation)
actuator[30] = add_mag2_l (controls: add_mag2_l.excitation)
actuator[31] = tfl_l (controls: tfl_l.excitation)
actuator[32] = pect_l (controls: pect_l.excitation)
actuator[33] = grac_l (controls: grac_l.excitation)
actuator[34] = glut_max1_l (controls: glut_max1_l.excitation)
actuator[35] = glut_max2_l (controls: glut_max2_l.excitation)
actuator[36] = glut_max3_l (controls: glut_max3_l.excitation)
actuator[37] = iliacus_l (controls: iliacus_l.excitation)
actuator[38] = psoas_l (controls: psoas_l.excitation)
actuator[39] = quad_fem_l (controls: quad_fem_l.excitation)
actuator[40] = gem_l (controls: gem_l.excitation)
actuator[41] = peri_l (controls: peri_l.excitation)
actuator[42] = rect_fem_l (controls: rect_fem_l.excitation)
actuator[43] = vas_int_l (controls: vas_int_l.excitation)
actuator[44] = med_gas_l (controls: med_gas_l.excitation)
actuator[45] = soleus_l (controls: soleus_l.excitation)
actuator[46] = tib_post_l (controls: tib_post_l.excitation)
actuator[47] = tib_ant_l (controls: tib_ant_l.excitation)
actuator[48] = ercspn_r (controls: ercspn_r.excitation)
actuator[49] = ercspn_l (controls: ercspn_l.excitation)
actuator[50] = intobl_r (controls: intobl_r.excitation)
actuator[51] = intobl_l (controls: intobl_l.excitation)
actuator[52] = extobl_r (controls: extobl_r.excitation)
actuator[53] = extobl_l (controls: extobl_l.excitation)
actuator[54] = FX (controls: FX.excitation)
actuator[55] = FY (controls: FY.excitation)
actuator[56] = FZ (controls: FZ.excitation)
actuator[57] = MX (controls: MX.excitation)
actuator[58] = MY (controls: MY.excitation)
actuator[59] = MZ (controls: MZ.excitation)
actuator[60] = ankle_angle_r_reserve (controls: ankle_angle_r_reserve.excitation)
actuator[61] = ankle_angle_l_reserve (controls: ankle_angle_l_reserve.excitation)

CONTACTS (0)
numControls = 62
numStates = 174
numCoordinates = 33
numSpeeds = 33
numActuators = 62
numBodies = 15

STATES (174)
y[0] = pelvis_tz
y[1] = pelvis_tx
y[2] = pelvis_ty
y[3] = pelvis_tilt
y[4] = pelvis_list
y[5] = pelvis_rotation
y[6] = hip_flexion_r
y[7] = hip_adduction_r
y[8] = hip_rotation_r
y[9] = knee_r_tx
y[10] = knee_r_ty
y[11] = knee_angle_r
y[12] = tib_pat_r_tx
y[13] = tib_pat_r_ty
y[14] = tib_pat_r_r1
y[15] = ankle_angle_r
y[16] = subtalar_angle_r
y[17] = mtp_angle_r
y[18] = hip_flexion_l
y[19] = hip_adduction_l
y[20] = hip_rotation_l
y[21] = knee_l_tx
y[22] = knee_l_ty
y[23] = knee_angle_l
y[24] = tib_pat_l_tx
y[25] = tib_pat_l_ty
y[26] = tib_pat_l_r1
y[27] = ankle_angle_l
y[28] = subtalar_angle_l
y[29] = mtp_angle_l
y[30] = lumbar_extension
y[31] = lumbar_bending
y[32] = lumbar_rotation
y[33] = pelvis_tz_u
y[34] = pelvis_tx_u
y[35] = pelvis_ty_u
y[36] = pelvis_tilt_u
y[37] = pelvis_list_u
y[38] = pelvis_rotation_u
y[39] = hip_flexion_r_u
y[40] = hip_adduction_r_u
y[41] = hip_rotation_r_u
y[42] = knee_r_tx_u
y[43] = knee_r_ty_u
y[44] = knee_angle_r_u
y[45] = tib_pat_r_tx_u
y[46] = tib_pat_r_ty_u
y[47] = tib_pat_r_r1_u
y[48] = ankle_angle_r_u
y[49] = subtalar_angle_r_u
y[50] = mtp_angle_r_u
y[51] = hip_flexion_l_u
y[52] = hip_adduction_l_u
y[53] = hip_rotation_l_u
y[54] = knee_l_tx_u
y[55] = knee_l_ty_u
y[56] = knee_angle_l_u
y[57] = tib_pat_l_tx_u
y[58] = tib_pat_l_ty_u
y[59] = tib_pat_l_r1_u
y[60] = ankle_angle_l_u
y[61] = subtalar_angle_l_u
y[62] = mtp_angle_l_u
y[63] = lumbar_extension_u
y[64] = lumbar_bending_u
y[65] = lumbar_rotation_u
y[66] = glut_med1_r.activation
y[67] = glut_med1_r.fiber_length
y[68] = glut_med2_r.activation
y[69] = glut_med2_r.fiber_length
y[70] = glut_med3_r.activation
y[71] = glut_med3_r.fiber_length
y[72] = bifemlh_r.activation
y[73] = bifemlh_r.fiber_length
y[74] = bifemsh_r.activation
y[75] = bifemsh_r.fiber_length
y[76] = sar_r.activation
y[77] = sar_r.fiber_length
y[78] = add_mag2_r.activation
y[79] = add_mag2_r.fiber_length
y[80] = tfl_r.activation
y[81] = tfl_r.fiber_length
y[82] = pect_r.activation
y[83] = pect_r.fiber_length
y[84] = grac_r.activation
y[85] = grac_r.fiber_length
y[86] = glut_max1_r.activation
y[87] = glut_max1_r.fiber_length
y[88] = glut_max2_r.activation
y[89] = glut_max2_r.fiber_length
y[90] = glut_max3_r.activation
y[91] = glut_max3_r.fiber_length
y[92] = iliacus_r.activation
y[93] = iliacus_r.fiber_length
y[94] = psoas_r.activation
y[95] = psoas_r.fiber_length
y[96] = quad_fem_r.activation
y[97] = quad_fem_r.fiber_length
y[98] = gem_r.activation
y[99] = gem_r.fiber_length
y[100] = peri_r.activation
y[101] = peri_r.fiber_length
y[102] = rect_fem_r.activation
y[103] = rect_fem_r.fiber_length
y[104] = vas_int_r.activation
y[105] = vas_int_r.fiber_length
y[106] = med_gas_r.activation
y[107] = med_gas_r.fiber_length
y[108] = soleus_r.activation
y[109] = soleus_r.fiber_length
y[110] = tib_post_r.activation
y[111] = tib_post_r.fiber_length
y[112] = tib_ant_r.activation
y[113] = tib_ant_r.fiber_length
y[114] = glut_med1_l.activation
y[115] = glut_med1_l.fiber_length
y[116] = glut_med2_l.activation
y[117] = glut_med2_l.fiber_length
y[118] = glut_med3_l.activation
y[119] = glut_med3_l.fiber_length
y[120] = bifemlh_l.activation
y[121] = bifemlh_l.fiber_length
y[122] = bifemsh_l.activation
y[123] = bifemsh_l.fiber_length
y[124] = sar_l.activation
y[125] = sar_l.fiber_length
y[126] = add_mag2_l.activation
y[127] = add_mag2_l.fiber_length
y[128] = tfl_l.activation
y[129] = tfl_l.fiber_length
y[130] = pect_l.activation
y[131] = pect_l.fiber_length
y[132] = grac_l.activation
y[133] = grac_l.fiber_length
y[134] = glut_max1_l.activation
y[135] = glut_max1_l.fiber_length
y[136] = glut_max2_l.activation
y[137] = glut_max2_l.fiber_length
y[138] = glut_max3_l.activation
y[139] = glut_max3_l.fiber_length
y[140] = iliacus_l.activation
y[141] = iliacus_l.fiber_length
y[142] = psoas_l.activation
y[143] = psoas_l.fiber_length
y[144] = quad_fem_l.activation
y[145] = quad_fem_l.fiber_length
y[146] = gem_l.activation
y[147] = gem_l.fiber_length
y[148] = peri_l.activation
y[149] = peri_l.fiber_length
y[150] = rect_fem_l.activation
y[151] = rect_fem_l.fiber_length
y[152] = vas_int_l.activation
y[153] = vas_int_l.fiber_length
y[154] = med_gas_l.activation
y[155] = med_gas_l.fiber_length
y[156] = soleus_l.activation
y[157] = soleus_l.fiber_length
y[158] = tib_post_l.activation
y[159] = tib_post_l.fiber_length
y[160] = tib_ant_l.activation
y[161] = tib_ant_l.fiber_length
y[162] = ercspn_r.activation
y[163] = ercspn_r.fiber_length
y[164] = ercspn_l.activation
y[165] = ercspn_l.fiber_length
y[166] = intobl_r.activation
y[167] = intobl_r.fiber_length
y[168] = intobl_l.activation
y[169] = intobl_l.fiber_length
y[170] = extobl_r.activation
y[171] = extobl_r.fiber_length
y[172] = extobl_l.activation
y[173] = extobl_l.fiber_length
-----------------------------------------------------------------------

Running investigation subject01_walk1.


Loading controls from file ResultsCMC/subject01_walk1_controls.xml.
Found 62 controls.


Loading initial states from file ResultsCMC/subject01_walk1_states.sto.
Found 1530 state vectors with time stamps ranging
from 0.83 to 1.19.

subject01_walk1: The initial time for the investigation has been set to 0.83
to agree exactly with the time stamp of the closest initial states in file ResultsCMC/subject01_walk1_states.sto.



Loading external loads kinematics from file subject01_walk1_ik.mot ...
Model::formCompleteStorages(): WARNING- Did not find column knee_r_tx in storage object.
Model::formCompleteStorages(): WARNING- Did not find column knee_r_ty in storage object.
Model::formCompleteStorages(): WARNING- Did not find column tib_pat_r_tx in storage object.
Model::formCompleteStorages(): WARNING- Did not find column tib_pat_r_ty in storage object.
Model::formCompleteStorages(): WARNING- Did not find column tib_pat_r_r1 in storage object.
Model::formCompleteStorages(): WARNING- Did not find column knee_l_tx in storage object.
Model::formCompleteStorages(): WARNING- Did not find column knee_l_ty in storage object.
Model::formCompleteStorages(): WARNING- Did not find column tib_pat_l_tx in storage object.
Model::formCompleteStorages(): WARNING- Did not find column tib_pat_l_ty in storage object.
Model::formCompleteStorages(): WARNING- Did not find column tib_pat_l_r1 in storage object.


Low-pass filtering external load kinematics with a cutoff frequency of 6...

Using dt specified in initial states file (ResultsCMC/subject01_walk1_states.sto)


Integrating from 0.83 to 1.18
BodyKinematics.begin: reseting storage at time 0.83.
Printing results of investigation subject01_walk1 to ./ResultsForward.
